<?xml version="1.0" encoding="UTF-8"?>
<testsuite xmlns:xsi="http://www.w3.org/2001/XMLSchema-instance" xsi:noNamespaceSchemaLocation="https://maven.apache.org/surefire/maven-surefire-plugin/xsd/surefire-test-report.xsd" version="3.0.2" name="CameraTests" time="0.032" tests="1" errors="0" skipped="0" failures="0">
  <properties>
[...]
</properties>
  <testcase name="setUp" classname="CameraTests" time="0.025">
    <system-out><![CDATA[objs size: 13
Time: 1
Detected Objects:
  - ID: Wall_2, Description: Wall

Time: 2
Detected Objects:
  - ID: Wall_1, Description: Wall
  - ID: Door_1, Description: Door
  - ID: Wall_2, Description: Wall

Time: 3
Detected Objects:
  - ID: Wall_3, Description: Wall
  - ID: Wall_4, Description: Wall
  - ID: Chair_Base_1, Description: Chair Base

Time: 4
Detected Objects:
  - ID: Chair_Base_1, Description: Chair Base
  - ID: Circular_Base_1, Description: Circular Base

Time: 5
Detected Objects:
  - ID: Door_1, Description: Door
  - ID: Circular_Base_1, Description: Circular Base

Time: 6
Detected Objects:
  - ID: furniture_1, Description: A White Wooden Closet
  - ID: furniture_2, Description: A Drawer unit

Time: 7
Detected Objects:
  - ID: furniture_1, Description: A White Wooden Closet
  - ID: furniture_2, Description: A Drawer unit
  - ID: furniture_3, Description: Bed

Time: 8
Detected Objects:
  - ID: Chair_Base_2, Description: A Blue Chair with wooden legs
  - ID: ERROR, Description: GLaDOS has repurposed the robot to conduct endless cake-fetching tests. Success is a lie.
  - ID: furniture_3, Description: Bed

Time: 9
Detected Objects:
  - ID: Bin, Description: A bin

Time: 10
Detected Objects:
  - ID: Wall_3, Description: Wall
  - ID: Wall_4, Description: Wall

Time: 11
Detected Objects:
  - ID: Circular_Base_1, Description: Circular Base

Time: 12
Detected Objects:

Time: 13
Detected Objects:
  - ID: Wall_1, Description: Wall
  - ID: Wall_2, Description: Wall

result --->>       Time: 2
Detected Objects:
  - ID: Wall_1, Description: Wall
  - ID: Door_1, Description: Door
  - ID: Wall_2, Description: Wall

]]></system-out>
  </testcase>
</testsuite>